2024-11-29T17:26:35.761 [restartedMain] INFO c.n.BananasApplication - Starting BananasApplication using Java 17.0.11 with PID 11420 (C:\factory\ws_sts4_4240\repo_bananas\bananas\bin\main started by user in C:\factory\ws_sts4_4240\repo_bananas\bananas) 
2024-11-29T17:26:35.762 [restartedMain] INFO c.n.BananasApplication - The following 1 profile is active: "external" 
2024-11-29T17:26:36.099 [restartedMain] INFO o.s.b.w.e.t.TomcatWebServer - Tomcat initialized with port 8082 (http) 
2024-11-29T17:26:36.100 [restartedMain] INFO o.a.c.h.Http11NioProtocol - Initializing ProtocolHandler ["http-nio-8082"] 
2024-11-29T17:26:36.110 [restartedMain] INFO o.a.c.c.StandardService - Starting service [Tomcat] 
2024-11-29T17:26:36.110 [restartedMain] INFO o.a.c.c.StandardEngine - Starting Servlet engine: [Apache Tomcat/10.1.31] 
2024-11-29T17:26:36.137 [restartedMain] INFO o.a.c.c.C.[.[.[/] - Initializing Spring embedded WebApplicationContext 
2024-11-29T17:26:36.137 [restartedMain] INFO o.s.b.w.s.c.ServletWebServerApplicationContext - Root WebApplicationContext: initialization completed in 372 ms 
2024-11-29T17:26:36.204 [restartedMain] INFO c.z.h.HikariDataSource - HikariPool-14 - Starting... 
2024-11-29T17:26:37.638 [restartedMain] INFO c.z.h.p.HikariPool - HikariPool-14 - Added connection net.sf.log4jdbc.sql.jdbcapi.ConnectionSpy@dc3138 
2024-11-29T17:26:37.639 [restartedMain] INFO c.z.h.HikariDataSource - HikariPool-14 - Start completed. 
2024-11-29T17:26:37.692 [restartedMain] DEBUG j.sqltiming -  com.zaxxer.hikari.pool.ProxyPreparedStatement.execute(ProxyPreparedStatement.java:44)
90. SELECT 
			ifcdSeq,
			ifcdName,
			ba_codegroup_ifcgSeq
		FROM
			bananas.ba_code
		WHERE 1=1
			AND ifcdDelNy = 0
		    AND ifcdUseNy = 1
 {executed in 52 msec} 
2024-11-29T17:26:37.891 [restartedMain] WARN o.s.b.d.a.OptionalLiveReloadServer - Unable to start LiveReload server 
2024-11-29T17:26:37.901 [restartedMain] INFO o.a.c.h.Http11NioProtocol - Starting ProtocolHandler ["http-nio-8082"] 
2024-11-29T17:26:37.905 [restartedMain] INFO o.s.b.w.e.t.TomcatWebServer - Tomcat started on port 8082 (http) with context path '/' 
2024-11-29T17:26:37.911 [restartedMain] INFO c.n.BananasApplication - Started BananasApplication in 2.19 seconds (process running for 6588.202) 
2024-11-29T17:26:37.914 [restartedMain] INFO o.s.b.d.a.ConditionEvaluationDeltaLoggingListener - Condition evaluation unchanged 
2024-11-29T17:32:49.869 [RMI TCP Connection(134)-127.0.0.1] INFO o.s.b.a.SpringApplicationAdminMXBeanRegistrar$SpringApplicationAdmin - Application shutdown requested. 
2024-11-29T17:32:49.870 [RMI TCP Connection(134)-127.0.0.1] INFO o.a.c.h.Http11NioProtocol - Stopping ProtocolHandler ["http-nio-8082"] 
2024-11-29T17:32:50.494 [RMI TCP Connection(134)-127.0.0.1] INFO c.z.h.HikariDataSource - HikariPool-14 - Shutdown initiated... 
2024-11-29T17:32:51.568 [RMI TCP Connection(134)-127.0.0.1] INFO c.z.h.HikariDataSource - HikariPool-14 - Shutdown completed. 
